<?xml version="1.0" encoding="UTF-8"?>
<testng-results ignored="0" total="10" passed="10" failed="0" skipped="0">
  <reporter-output>
  </reporter-output>
  <suite started-at="2024-04-25T15:21:37 PKT" name="Suite" finished-at="2024-04-25T15:21:37 PKT" duration-ms="79">
    <groups>
    </groups>
    <test started-at="2024-04-25T15:21:37 PKT" name="Test" finished-at="2024-04-25T15:21:37 PKT" duration-ms="79">
      <class name="Grouping.TESTNG1.New2">
        <test-method signature="group1()[pri:0, instance:Grouping.TESTNG1.New2@50eac852]" started-at="2024-04-25T15:21:37 PKT" name="group1" finished-at="2024-04-25T15:21:37 PKT" duration-ms="2" status="PASS">
          <reporter-output>
          </reporter-output>
        </test-method> <!-- group1 -->
        <test-method signature="group2()[pri:0, instance:Grouping.TESTNG1.New2@50eac852]" started-at="2024-04-25T15:21:37 PKT" name="group2" finished-at="2024-04-25T15:21:37 PKT" duration-ms="1" status="PASS">
          <reporter-output>
          </reporter-output>
        </test-method> <!-- group2 -->
      </class> <!-- Grouping.TESTNG1.New2 -->
      <class name="Grouping.TESTNG1.New1">
        <test-method signature="test()[pri:0, instance:Grouping.TESTNG1.New1@c33b74f]" started-at="2024-04-25T15:21:37 PKT" name="test" finished-at="2024-04-25T15:21:37 PKT" duration-ms="11" status="PASS">
          <reporter-output>
          </reporter-output>
        </test-method> <!-- test -->
        <test-method signature="test2()[pri:0, instance:Grouping.TESTNG1.New1@c33b74f]" started-at="2024-04-25T15:21:37 PKT" name="test2" finished-at="2024-04-25T15:21:37 PKT" duration-ms="2" status="PASS">
          <reporter-output>
          </reporter-output>
        </test-method> <!-- test2 -->
        <test-method signature="test3()[pri:0, instance:Grouping.TESTNG1.New1@c33b74f]" started-at="2024-04-25T15:21:37 PKT" name="test3" finished-at="2024-04-25T15:21:37 PKT" duration-ms="2" status="PASS">
          <reporter-output>
          </reporter-output>
        </test-method> <!-- test3 -->
        <test-method signature="test4(java.lang.String)[pri:0, instance:Grouping.TESTNG1.New1@c33b74f]" started-at="2024-04-25T15:21:37 PKT" name="test4" finished-at="2024-04-25T15:21:37 PKT" duration-ms="3" status="PASS">
          <params>
            <param index="0">
              <value>
                <![CDATA[google.com]]>
              </value>
            </param>
          </params>
          <reporter-output>
          </reporter-output>
        </test-method> <!-- test4 -->
      </class> <!-- Grouping.TESTNG1.New1 -->
      <class name="Grouping.TESTNG1.New4">
        <test-method signature="group1()[pri:0, instance:Grouping.TESTNG1.New4@2f7298b]" started-at="2024-04-25T15:21:37 PKT" name="group1" finished-at="2024-04-25T15:21:37 PKT" duration-ms="2" status="PASS">
          <reporter-output>
          </reporter-output>
        </test-method> <!-- group1 -->
        <test-method signature="group2()[pri:0, instance:Grouping.TESTNG1.New4@2f7298b]" started-at="2024-04-25T15:21:37 PKT" name="group2" finished-at="2024-04-25T15:21:37 PKT" duration-ms="2" status="PASS">
          <reporter-output>
          </reporter-output>
        </test-method> <!-- group2 -->
      </class> <!-- Grouping.TESTNG1.New4 -->
      <class name="Grouping.TESTNG1.New3">
        <test-method signature="group1()[pri:0, instance:Grouping.TESTNG1.New3@16ec5519]" started-at="2024-04-25T15:21:37 PKT" name="group1" finished-at="2024-04-25T15:21:37 PKT" duration-ms="2" status="PASS">
          <reporter-output>
          </reporter-output>
        </test-method> <!-- group1 -->
        <test-method signature="group2(java.lang.String)[pri:0, instance:Grouping.TESTNG1.New3@16ec5519]" started-at="2024-04-25T15:21:37 PKT" name="group2" finished-at="2024-04-25T15:21:37 PKT" duration-ms="2" status="PASS">
          <params>
            <param index="0">
              <value>
                <![CDATA[google.com]]>
              </value>
            </param>
          </params>
          <reporter-output>
          </reporter-output>
        </test-method> <!-- group2 -->
      </class> <!-- Grouping.TESTNG1.New3 -->
    </test> <!-- Test -->
  </suite> <!-- Suite -->
</testng-results>
